# JRE version: Java(TM) SE Runtime Environment (21.0.6+8) (build 21.0.6+8-LTS-188)
# Java VM: Java HotSpot(TM) 64-Bit Server VM (21.0.6+8-LTS-188, mixed mode, sharing, tiered, compressed oops, compressed class ptrs, g1 gc, windows-amd64)
GC Precious Log:
 CardTable entry size: 512
 Card Set container configuration: InlinePtr #cards 4 size 8 Array Of Cards #cards 16 size 48 Howl #buckets 8 coarsen threshold 3686 Howl Bitmap #cards 512 size 80 coarsen threshold 460 Card regions per heap region 1 cards per card region 4096
 CPUs: 4 total, 4 available
 Memory: 6094M
 Large Page Support: Disabled
 NUMA Support: Disabled
 Compressed Oops: Enabled (Zero based)
 Heap Region Size: 2M
 Heap Min Capacity: 8M
 Heap Initial Capacity: 96M
 Heap Max Capacity: 4G
 Pre-touch: Disabled
 Parallel Workers: 4
 Concurrent Workers: 1
 Concurrent Refinement Workers: 4
 Periodic GC: Disabled
Heap:
 garbage-first heap   total 307200K, used 186188K [0x0000000700000000, 0x0000000800000000)
  region size 2048K, 4 young (8192K), 4 survivors (8192K)
 Metaspace       used 103646K, committed 106304K, reserved 1179648K
  class space    used 14335K, committed 15616K, reserved 1048576K
GC Heap History (20 events):
Event: 40.552 GC heap after
{Heap after GC invocations=38 (full 0):
 garbage-first heap   total 208896K, used 123470K [0x0000000700000000, 0x0000000800000000)
  region size 2048K, 3 young (6144K), 3 survivors (6144K)
 Metaspace       used 92462K, committed 94784K, reserved 1179648K
  class space    used 12619K, committed 13760K, reserved 1048576K
}
Event: 42.301 GC heap before
{Heap before GC invocations=38 (full 0):
 garbage-first heap   total 208896K, used 186958K [0x0000000700000000, 0x0000000800000000)
  region size 2048K, 34 young (69632K), 3 survivors (6144K)
 Metaspace       used 97197K, committed 99584K, reserved 1179648K
  class space    used 13410K, committed 14592K, reserved 1048576K
}
Event: 42.316 GC heap after
{Heap after GC invocations=39 (full 0):
 garbage-first heap   total 208896K, used 124994K [0x0000000700000000, 0x0000000800000000)
  region size 2048K, 4 young (8192K), 4 survivors (8192K)
 Metaspace       used 97197K, committed 99584K, reserved 1179648K
  class space    used 13410K, committed 14592K, reserved 1048576K
}
Event: 43.692 GC heap before
{Heap before GC invocations=39 (full 0):
 garbage-first heap   total 208896K, used 186434K [0x0000000700000000, 0x0000000800000000)
  region size 2048K, 34 young (69632K), 4 survivors (8192K)
 Metaspace       used 99539K, committed 101952K, reserved 1179648K
  class space    used 13741K, committed 14912K, reserved 1048576K
}
Event: 43.717 GC heap after
{Heap after GC invocations=40 (full 0):
 garbage-first heap   total 208896K, used 130267K [0x0000000700000000, 0x0000000800000000)
  region size 2048K, 5 young (10240K), 5 survivors (10240K)
 Metaspace       used 99539K, committed 101952K, reserved 1179648K
  class space    used 13741K, committed 14912K, reserved 1048576K
}
Event: 45.215 GC heap before
{Heap before GC invocations=41 (full 0):
 garbage-first heap   total 239616K, used 181467K [0x0000000700000000, 0x0000000800000000)
  region size 2048K, 31 young (63488K), 5 survivors (10240K)
 Metaspace       used 100933K, committed 103488K, reserved 1179648K
  class space    used 13966K, committed 15232K, reserved 1048576K
}
Event: 45.237 GC heap after
{Heap after GC invocations=42 (full 0):
 garbage-first heap   total 239616K, used 136642K [0x0000000700000000, 0x0000000800000000)
  region size 2048K, 4 young (8192K), 4 survivors (8192K)
 Metaspace       used 100933K, committed 103488K, reserved 1179648K
  class space    used 13966K, committed 15232K, reserved 1048576K
}
Event: 46.288 GC heap before
{Heap before GC invocations=42 (full 0):
 garbage-first heap   total 239616K, used 214466K [0x0000000700000000, 0x0000000800000000)
  region size 2048K, 42 young (86016K), 4 survivors (8192K)
 Metaspace       used 100935K, committed 103488K, reserved 1179648K
  class space    used 13966K, committed 15232K, reserved 1048576K
}
Event: 46.307 GC heap after
{Heap after GC invocations=43 (full 0):
 garbage-first heap   total 288768K, used 138880K [0x0000000700000000, 0x0000000800000000)
  region size 2048K, 5 young (10240K), 5 survivors (10240K)
 Metaspace       used 100935K, committed 103488K, reserved 1179648K
  class space    used 13966K, committed 15232K, reserved 1048576K
}
Event: 49.494 GC heap before
{Heap before GC invocations=43 (full 0):
 garbage-first heap   total 288768K, used 257664K [0x0000000700000000, 0x0000000800000000)
  region size 2048K, 64 young (131072K), 5 survivors (10240K)
 Metaspace       used 102451K, committed 105024K, reserved 1179648K
  class space    used 14208K, committed 15488K, reserved 1048576K
}
Event: 49.528 GC heap after
{Heap after GC invocations=44 (full 0):
 garbage-first heap   total 288768K, used 150933K [0x0000000700000000, 0x0000000800000000)
  region size 2048K, 8 young (16384K), 8 survivors (16384K)
 Metaspace       used 102451K, committed 105024K, reserved 1179648K
  class space    used 14208K, committed 15488K, reserved 1048576K
}
Event: 51.378 GC heap before
{Heap before GC invocations=44 (full 0):
 garbage-first heap   total 288768K, used 245141K [0x0000000700000000, 0x0000000800000000)
  region size 2048K, 55 young (112640K), 8 survivors (16384K)
 Metaspace       used 102671K, committed 105216K, reserved 1179648K
  class space    used 14229K, committed 15488K, reserved 1048576K
}
Event: 51.402 GC heap after
{Heap after GC invocations=45 (full 0):
 garbage-first heap   total 288768K, used 160756K [0x0000000700000000, 0x0000000800000000)
  region size 2048K, 6 young (12288K), 6 survivors (12288K)
 Metaspace       used 102671K, committed 105216K, reserved 1179648K
  class space    used 14229K, committed 15488K, reserved 1048576K
}
Event: 52.650 GC heap before
{Heap before GC invocations=45 (full 0):
 garbage-first heap   total 288768K, used 254964K [0x0000000700000000, 0x0000000800000000)
  region size 2048K, 52 young (106496K), 6 survivors (12288K)
 Metaspace       used 102872K, committed 105472K, reserved 1179648K
  class space    used 14250K, committed 15552K, reserved 1048576K
}
Event: 52.671 GC heap after
{Heap after GC invocations=46 (full 0):
 garbage-first heap   total 288768K, used 166250K [0x0000000700000000, 0x0000000800000000)
  region size 2048K, 4 young (8192K), 4 survivors (8192K)
 Metaspace       used 102872K, committed 105472K, reserved 1179648K
  class space    used 14250K, committed 15552K, reserved 1048576K
}
Event: 54.519 GC heap before
{Heap before GC invocations=47 (full 0):
 garbage-first heap   total 307200K, used 258410K [0x0000000700000000, 0x0000000800000000)
  region size 2048K, 50 young (102400K), 4 survivors (8192K)
 Metaspace       used 103115K, committed 105664K, reserved 1179648K
  class space    used 14279K, committed 15552K, reserved 1048576K
}
Event: 54.544 GC heap after
{Heap after GC invocations=48 (full 0):
 garbage-first heap   total 307200K, used 175836K [0x0000000700000000, 0x0000000800000000)
  region size 2048K, 6 young (12288K), 6 survivors (12288K)
 Metaspace       used 103115K, committed 105664K, reserved 1179648K
  class space    used 14279K, committed 15552K, reserved 1048576K
}
Event: 56.187 GC heap before
{Heap before GC invocations=48 (full 0):
 garbage-first heap   total 307200K, used 270044K [0x0000000700000000, 0x0000000800000000)
  region size 2048K, 53 young (108544K), 6 survivors (12288K)
 Metaspace       used 103425K, committed 106112K, reserved 1179648K
  class space    used 14313K, committed 15616K, reserved 1048576K
}
Event: 56.214 GC heap after
{Heap after GC invocations=49 (full 0):
 garbage-first heap   total 307200K, used 181491K [0x0000000700000000, 0x0000000800000000)
  region size 2048K, 5 young (10240K), 5 survivors (10240K)
 Metaspace       used 103425K, committed 106112K, reserved 1179648K
  class space    used 14313K, committed 15616K, reserved 1048576K
}
Event: 57.548 GC heap before
{Heap before GC invocations=49 (full 0):
 garbage-first heap   total 307200K, used 273651K [0x0000000700000000, 0x0000000800000000)
  region size 2048K, 51 young (104448K), 5 survivors (10240K)
 Metaspace       used 103646K, committed 106304K, reserved 1179648K
  class space    used 14335K, committed 15616K, reserved 1048576K
}

