# JRE version: Java(TM) SE Runtime Environment (21.0.6+8) (build 21.0.6+8-LTS-188)
# Java VM: Java HotSpot(TM) 64-Bit Server VM (21.0.6+8-LTS-188, mixed mode, sharing, tiered, compressed oops, compressed class ptrs, g1 gc, windows-amd64)
GC Precious Log:
 CardTable entry size: 512
 Card Set container configuration: InlinePtr #cards 4 size 8 Array Of Cards #cards 16 size 48 Howl #buckets 8 coarsen threshold 3686 Howl Bitmap #cards 512 size 80 coarsen threshold 460 Card regions per heap region 1 cards per card region 4096
 CPUs: 4 total, 4 available
 Memory: 6094M
 Large Page Support: Disabled
 NUMA Support: Disabled
 Compressed Oops: Enabled (Zero based)
 Heap Region Size: 2M
 Heap Min Capacity: 8M
 Heap Initial Capacity: 96M
 Heap Max Capacity: 4G
 Pre-touch: Disabled
 Parallel Workers: 4
 Concurrent Workers: 1
 Concurrent Refinement Workers: 4
 Periodic GC: Disabled
Heap:
 garbage-first heap   total 319488K, used 204557K [0x0000000700000000, 0x0000000800000000)
  region size 2048K, 18 young (36864K), 6 survivors (12288K)
 Metaspace       used 103498K, committed 106176K, reserved 1179648K
  class space    used 14324K, committed 15616K, reserved 1048576K
GC Heap History (20 events):
Event: 52.939 GC heap before
{Heap before GC invocations=38 (full 0):
 garbage-first heap   total 210944K, used 186541K [0x0000000700000000, 0x0000000800000000)
  region size 2048K, 33 young (67584K), 2 survivors (4096K)
 Metaspace       used 96179K, committed 98560K, reserved 1179648K
  class space    used 13263K, committed 14400K, reserved 1048576K
}
Event: 52.948 GC heap after
{Heap after GC invocations=39 (full 0):
 garbage-first heap   total 210944K, used 125213K [0x0000000700000000, 0x0000000800000000)
  region size 2048K, 3 young (6144K), 3 survivors (6144K)
 Metaspace       used 96179K, committed 98560K, reserved 1179648K
  class space    used 13263K, committed 14400K, reserved 1048576K
}
Event: 54.607 GC heap before
{Heap before GC invocations=40 (full 0):
 garbage-first heap   total 229376K, used 186653K [0x0000000700000000, 0x0000000800000000)
  region size 2048K, 34 young (69632K), 3 survivors (6144K)
 Metaspace       used 99156K, committed 101568K, reserved 1179648K
  class space    used 13723K, committed 14912K, reserved 1048576K
}
Event: 54.626 GC heap after
{Heap after GC invocations=41 (full 0):
 garbage-first heap   total 229376K, used 130045K [0x0000000700000000, 0x0000000800000000)
  region size 2048K, 4 young (8192K), 4 survivors (8192K)
 Metaspace       used 99156K, committed 101568K, reserved 1179648K
  class space    used 13723K, committed 14912K, reserved 1048576K
}
Event: 56.520 GC heap before
{Heap before GC invocations=41 (full 0):
 garbage-first heap   total 229376K, used 205821K [0x0000000700000000, 0x0000000800000000)
  region size 2048K, 41 young (83968K), 4 survivors (8192K)
 Metaspace       used 100984K, committed 103552K, reserved 1179648K
  class space    used 13970K, committed 15232K, reserved 1048576K
}
Event: 56.544 GC heap after
{Heap after GC invocations=42 (full 0):
 garbage-first heap   total 229376K, used 136241K [0x0000000700000000, 0x0000000800000000)
  region size 2048K, 6 young (12288K), 6 survivors (12288K)
 Metaspace       used 100984K, committed 103552K, reserved 1179648K
  class space    used 13970K, committed 15232K, reserved 1048576K
}
Event: 57.280 GC heap before
{Heap before GC invocations=42 (full 0):
 garbage-first heap   total 229376K, used 201777K [0x0000000700000000, 0x0000000800000000)
  region size 2048K, 38 young (77824K), 6 survivors (12288K)
 Metaspace       used 100984K, committed 103552K, reserved 1179648K
  class space    used 13970K, committed 15232K, reserved 1048576K
}
Event: 57.299 GC heap after
{Heap after GC invocations=43 (full 0):
 garbage-first heap   total 229376K, used 140123K [0x0000000700000000, 0x0000000800000000)
  region size 2048K, 3 young (6144K), 3 survivors (6144K)
 Metaspace       used 100984K, committed 103552K, reserved 1179648K
  class space    used 13970K, committed 15232K, reserved 1048576K
}
Event: 59.408 GC heap before
{Heap before GC invocations=44 (full 0):
 garbage-first heap   total 266240K, used 205659K [0x0000000700000000, 0x0000000800000000)
  region size 2048K, 36 young (73728K), 3 survivors (6144K)
 Metaspace       used 102469K, committed 105024K, reserved 1179648K
  class space    used 14213K, committed 15488K, reserved 1048576K
}
Event: 59.425 GC heap after
{Heap after GC invocations=45 (full 0):
 garbage-first heap   total 266240K, used 150819K [0x0000000700000000, 0x0000000800000000)
  region size 2048K, 5 young (10240K), 5 survivors (10240K)
 Metaspace       used 102469K, committed 105024K, reserved 1179648K
  class space    used 14213K, committed 15488K, reserved 1048576K
}
Event: 61.064 GC heap before
{Heap before GC invocations=45 (full 0):
 garbage-first heap   total 266240K, used 236835K [0x0000000700000000, 0x0000000800000000)
  region size 2048K, 48 young (98304K), 5 survivors (10240K)
 Metaspace       used 102674K, committed 105216K, reserved 1179648K
  class space    used 14234K, committed 15488K, reserved 1048576K
}
Event: 61.087 GC heap after
{Heap after GC invocations=46 (full 0):
 garbage-first heap   total 266240K, used 161491K [0x0000000700000000, 0x0000000800000000)
  region size 2048K, 6 young (12288K), 6 survivors (12288K)
 Metaspace       used 102674K, committed 105216K, reserved 1179648K
  class space    used 14234K, committed 15488K, reserved 1048576K
}
Event: 61.822 GC heap before
{Heap before GC invocations=46 (full 0):
 garbage-first heap   total 266240K, used 235219K [0x0000000700000000, 0x0000000800000000)
  region size 2048K, 42 young (86016K), 6 survivors (12288K)
 Metaspace       used 102681K, committed 105216K, reserved 1179648K
  class space    used 14234K, committed 15488K, reserved 1048576K
}
Event: 61.836 GC heap after
{Heap after GC invocations=47 (full 0):
 garbage-first heap   total 319488K, used 163840K [0x0000000700000000, 0x0000000800000000)
  region size 2048K, 2 young (4096K), 2 survivors (4096K)
 Metaspace       used 102681K, committed 105216K, reserved 1179648K
  class space    used 14234K, committed 15488K, reserved 1048576K
}
Event: 64.716 GC heap before
{Heap before GC invocations=48 (full 0):
 garbage-first heap   total 319488K, used 286720K [0x0000000700000000, 0x0000000800000000)
  region size 2048K, 63 young (129024K), 2 survivors (4096K)
 Metaspace       used 103128K, committed 105728K, reserved 1179648K
  class space    used 14285K, committed 15552K, reserved 1048576K
}
Event: 64.748 GC heap after
{Heap after GC invocations=49 (full 0):
 garbage-first heap   total 319488K, used 176920K [0x0000000700000000, 0x0000000800000000)
  region size 2048K, 8 young (16384K), 8 survivors (16384K)
 Metaspace       used 103128K, committed 105728K, reserved 1179648K
  class space    used 14285K, committed 15552K, reserved 1048576K
}
Event: 66.138 GC heap before
{Heap before GC invocations=49 (full 0):
 garbage-first heap   total 319488K, used 281368K [0x0000000700000000, 0x0000000800000000)
  region size 2048K, 60 young (122880K), 8 survivors (16384K)
 Metaspace       used 103278K, committed 105856K, reserved 1179648K
  class space    used 14301K, committed 15552K, reserved 1048576K
}
Event: 66.168 GC heap after
{Heap after GC invocations=50 (full 0):
 garbage-first heap   total 319488K, used 178991K [0x0000000700000000, 0x0000000800000000)
  region size 2048K, 4 young (8192K), 4 survivors (8192K)
 Metaspace       used 103278K, committed 105856K, reserved 1179648K
  class space    used 14301K, committed 15552K, reserved 1048576K
}
Event: 67.471 GC heap before
{Heap before GC invocations=50 (full 0):
 garbage-first heap   total 319488K, used 285487K [0x0000000700000000, 0x0000000800000000)
  region size 2048K, 57 young (116736K), 4 survivors (8192K)
 Metaspace       used 103451K, committed 106112K, reserved 1179648K
  class space    used 14319K, committed 15616K, reserved 1048576K
}
Event: 67.490 GC heap after
{Heap after GC invocations=51 (full 0):
 garbage-first heap   total 319488K, used 184077K [0x0000000700000000, 0x0000000800000000)
  region size 2048K, 6 young (12288K), 6 survivors (12288K)
 Metaspace       used 103451K, committed 106112K, reserved 1179648K
  class space    used 14319K, committed 15616K, reserved 1048576K
}

