# JRE version: Java(TM) SE Runtime Environment (21.0.6+8) (build 21.0.6+8-LTS-188)
# Java VM: Java HotSpot(TM) 64-Bit Server VM (21.0.6+8-LTS-188, mixed mode, sharing, tiered, compressed oops, compressed class ptrs, g1 gc, windows-amd64)
GC Precious Log:
 CardTable entry size: 512
 Card Set container configuration: InlinePtr #cards 4 size 8 Array Of Cards #cards 16 size 48 Howl #buckets 8 coarsen threshold 3686 Howl Bitmap #cards 512 size 80 coarsen threshold 460 Card regions per heap region 1 cards per card region 4096
 CPUs: 4 total, 4 available
 Memory: 6094M
 Large Page Support: Disabled
 NUMA Support: Disabled
 Compressed Oops: Enabled (Zero based)
 Heap Region Size: 2M
 Heap Min Capacity: 8M
 Heap Initial Capacity: 96M
 Heap Max Capacity: 4G
 Pre-touch: Disabled
 Parallel Workers: 4
 Concurrent Workers: 1
 Concurrent Refinement Workers: 4
 Periodic GC: Disabled
Heap:
 garbage-first heap   total 315392K, used 173130K [0x0000000700000000, 0x0000000800000000)
  region size 2048K, 7 young (14336K), 7 survivors (14336K)
 Metaspace       used 103111K, committed 105728K, reserved 1179648K
  class space    used 14279K, committed 15552K, reserved 1048576K
GC Heap History (20 events):
Event: 50.494 GC heap after
{Heap after GC invocations=43 (full 0):
 garbage-first heap   total 174080K, used 107774K [0x0000000700000000, 0x0000000800000000)
  region size 2048K, 4 young (8192K), 4 survivors (8192K)
 Metaspace       used 86544K, committed 88768K, reserved 1179648K
  class space    used 11826K, committed 12928K, reserved 1048576K
}
Event: 51.374 GC heap before
{Heap before GC invocations=44 (full 0):
 garbage-first heap   total 204800K, used 158974K [0x0000000700000000, 0x0000000800000000)
  region size 2048K, 27 young (55296K), 4 survivors (8192K)
 Metaspace       used 88737K, committed 90944K, reserved 1179648K
  class space    used 12113K, committed 13184K, reserved 1048576K
}
Event: 51.384 GC heap after
{Heap after GC invocations=45 (full 0):
 garbage-first heap   total 204800K, used 119449K [0x0000000700000000, 0x0000000800000000)
  region size 2048K, 3 young (6144K), 3 survivors (6144K)
 Metaspace       used 88737K, committed 90944K, reserved 1179648K
  class space    used 12113K, committed 13184K, reserved 1048576K
}
Event: 52.368 GC heap before
{Heap before GC invocations=45 (full 0):
 garbage-first heap   total 204800K, used 174745K [0x0000000700000000, 0x0000000800000000)
  region size 2048K, 31 young (63488K), 3 survivors (6144K)
 Metaspace       used 91130K, committed 93440K, reserved 1179648K
  class space    used 12435K, committed 13568K, reserved 1048576K
}
Event: 52.382 GC heap after
{Heap after GC invocations=46 (full 0):
 garbage-first heap   total 204800K, used 121741K [0x0000000700000000, 0x0000000800000000)
  region size 2048K, 2 young (4096K), 2 survivors (4096K)
 Metaspace       used 91130K, committed 93440K, reserved 1179648K
  class space    used 12435K, committed 13568K, reserved 1048576K
}
Event: 53.462 GC heap before
{Heap before GC invocations=46 (full 0):
 garbage-first heap   total 204800K, used 181133K [0x0000000700000000, 0x0000000800000000)
  region size 2048K, 31 young (63488K), 2 survivors (4096K)
 Metaspace       used 95499K, committed 97792K, reserved 1179648K
  class space    used 13161K, committed 14272K, reserved 1048576K
}
Event: 53.471 GC heap after
{Heap after GC invocations=47 (full 0):
 garbage-first heap   total 204800K, used 123310K [0x0000000700000000, 0x0000000800000000)
  region size 2048K, 3 young (6144K), 3 survivors (6144K)
 Metaspace       used 95499K, committed 97792K, reserved 1179648K
  class space    used 13161K, committed 14272K, reserved 1048576K
}
Event: 54.675 GC heap before
{Heap before GC invocations=48 (full 0):
 garbage-first heap   total 225280K, used 184750K [0x0000000700000000, 0x0000000800000000)
  region size 2048K, 33 young (67584K), 3 survivors (6144K)
 Metaspace       used 98917K, committed 101312K, reserved 1179648K
  class space    used 13686K, committed 14848K, reserved 1048576K
}
Event: 54.692 GC heap after
{Heap after GC invocations=49 (full 0):
 garbage-first heap   total 225280K, used 128054K [0x0000000700000000, 0x0000000800000000)
  region size 2048K, 5 young (10240K), 5 survivors (10240K)
 Metaspace       used 98917K, committed 101312K, reserved 1179648K
  class space    used 13686K, committed 14848K, reserved 1048576K
}
Event: 56.241 GC heap before
{Heap before GC invocations=49 (full 0):
 garbage-first heap   total 225280K, used 201782K [0x0000000700000000, 0x0000000800000000)
  region size 2048K, 41 young (83968K), 5 survivors (10240K)
 Metaspace       used 100952K, committed 103488K, reserved 1179648K
  class space    used 13965K, committed 15232K, reserved 1048576K
}
Event: 56.268 GC heap after
{Heap after GC invocations=50 (full 0):
 garbage-first heap   total 270336K, used 133876K [0x0000000700000000, 0x0000000800000000)
  region size 2048K, 6 young (12288K), 6 survivors (12288K)
 Metaspace       used 100952K, committed 103488K, reserved 1179648K
  class space    used 13965K, committed 15232K, reserved 1048576K
}
Event: 57.563 GC heap before
{Heap before GC invocations=50 (full 0):
 garbage-first heap   total 270336K, used 228084K [0x0000000700000000, 0x0000000800000000)
  region size 2048K, 53 young (108544K), 6 survivors (12288K)
 Metaspace       used 101409K, committed 103872K, reserved 1179648K
  class space    used 14025K, committed 15232K, reserved 1048576K
}
Event: 57.586 GC heap after
{Heap after GC invocations=51 (full 0):
 garbage-first heap   total 270336K, used 140013K [0x0000000700000000, 0x0000000800000000)
  region size 2048K, 3 young (6144K), 3 survivors (6144K)
 Metaspace       used 101409K, committed 103872K, reserved 1179648K
  class space    used 14025K, committed 15232K, reserved 1048576K
}
Event: 60.358 GC heap before
{Heap before GC invocations=51 (full 0):
 garbage-first heap   total 270336K, used 240365K [0x0000000700000000, 0x0000000800000000)
  region size 2048K, 53 young (108544K), 3 survivors (6144K)
 Metaspace       used 102485K, committed 105024K, reserved 1179648K
  class space    used 14205K, committed 15488K, reserved 1048576K
}
Event: 60.388 GC heap after
{Heap after GC invocations=52 (full 0):
 garbage-first heap   total 270336K, used 151415K [0x0000000700000000, 0x0000000800000000)
  region size 2048K, 7 young (14336K), 7 survivors (14336K)
 Metaspace       used 102485K, committed 105024K, reserved 1179648K
  class space    used 14205K, committed 15488K, reserved 1048576K
}
Event: 62.249 GC heap before
{Heap before GC invocations=52 (full 0):
 garbage-first heap   total 270336K, used 239479K [0x0000000700000000, 0x0000000800000000)
  region size 2048K, 50 young (102400K), 7 survivors (14336K)
 Metaspace       used 102700K, committed 105280K, reserved 1179648K
  class space    used 14227K, committed 15488K, reserved 1048576K
}
Event: 62.273 GC heap after
{Heap after GC invocations=53 (full 0):
 garbage-first heap   total 270336K, used 162443K [0x0000000700000000, 0x0000000800000000)
  region size 2048K, 6 young (12288K), 6 survivors (12288K)
 Metaspace       used 102700K, committed 105280K, reserved 1179648K
  class space    used 14227K, committed 15488K, reserved 1048576K
}
Event: 63.507 GC heap before
{Heap before GC invocations=54 (full 0):
 garbage-first heap   total 315392K, used 236171K [0x0000000700000000, 0x0000000800000000)
  region size 2048K, 43 young (88064K), 6 survivors (12288K)
 Metaspace       used 102877K, committed 105408K, reserved 1179648K
  class space    used 14249K, committed 15488K, reserved 1048576K
}
Event: 63.526 GC heap after
{Heap after GC invocations=55 (full 0):
 garbage-first heap   total 315392K, used 167926K [0x0000000700000000, 0x0000000800000000)
  region size 2048K, 4 young (8192K), 4 survivors (8192K)
 Metaspace       used 102877K, committed 105408K, reserved 1179648K
  class space    used 14249K, committed 15488K, reserved 1048576K
}
Event: 65.314 GC heap before
{Heap before GC invocations=55 (full 0):
 garbage-first heap   total 315392K, used 270326K [0x0000000700000000, 0x0000000800000000)
  region size 2048K, 55 young (112640K), 4 survivors (8192K)
 Metaspace       used 103111K, committed 105728K, reserved 1179648K
  class space    used 14279K, committed 15552K, reserved 1048576K
}

